<?xml version="1.0" encoding="UTF-8"?>
<!-- Generated by org.testng.reporters.JUnitXMLReporter -->
<testsuite hostname="DESKTOP-TSLHRBF" ignored="0" name="Test" tests="4" failures="1" timestamp="2020-10-11T18:50:33 IST" time="120.933" errors="0">
  <testcase name="validateAppNavBar" time="1.54" classname="academy.validateNavigationBar"/>
  <testcase name="basePageNavigation" time="30.708" classname="academy.HomePage"/>
  <testcase name="basePageNavigation" time="18.992" classname="academy.HomePage"/>
  <testcase name="validateAppTitle" time="0.457" classname="academy.validateTitle">
    <failure type="java.lang.AssertionError" message="expected [FEATURED CO123URSES] but found [FEATURED COURSES]">
      <![CDATA[java.lang.AssertionError: expected [FEATURED CO123URSES] but found [FEATURED COURSES]
at academy.validateTitle.validateAppTitle(validateTitle.java:39)
at java.util.ArrayList.forEach(ArrayList.java:1259)
... Removed 37 stack frames]]>
    </failure>
  </testcase> <!-- validateAppTitle -->
</testsuite> <!-- Test -->
