<?xml version="1.0" encoding="UTF-8"?>
<testsuite xmlns:xsi="http://www.w3.org/2001/XMLSchema-instance" xsi:noNamespaceSchemaLocation="https://maven.apache.org/surefire/maven-surefire-plugin/xsd/surefire-test-report-3.0.xsd" version="3.0" name="TestSuite" time="280.226" tests="5" errors="0" skipped="0" failures="4">
  <properties>
[...]
</properties>
  <testcase name="selectingFromAndTo[bang, chen, Destination #1](1)" classname="academy.HomePage" time="32.515">
    <failure message="element click intercepted: Element &lt;input data-cy=&quot;fromCity&quot; id=&quot;fromCity&quot; type=&quot;text&quot; class=&quot;fsw_inputField lineHeight36 latoBlack font30&quot; readonly=&quot;&quot; value=&quot;Delhi&quot;&gt; is not clickable at point (170, 258). Other element would receive the click: &lt;div data-cy=&quot;outsideModal&quot; class=&quot;loginModal displayBlock modalLogin dynHeight personal &quot;&gt;&lt;/div&gt;&#10;  (Session info: chrome=92.0.4515.159)&#10;Build info: version: &apos;3.141.59&apos;, revision: &apos;e82be7d358&apos;, time: &apos;2018-11-14T08:17:03&apos;&#10;System info: host: &apos;DESKTOP-TSLHRBF&apos;, ip: &apos;192.168.39.37&apos;, os.name: &apos;Windows 10&apos;, os.arch: &apos;x86&apos;, os.version: &apos;10.0&apos;, java.version: &apos;1.8.0_261&apos;&#10;Driver info: org.openqa.selenium.chrome.ChromeDriver&#10;Capabilities {acceptInsecureCerts: false, browserName: chrome, browserVersion: 92.0.4515.159, chrome: {chromedriverVersion: 92.0.4515.43 (8c61b7e2989f2..., userDataDir: C:\Users\Vikram\AppData\Loc...}, goog:chromeOptions: {debuggerAddress: localhost:52269}, javascriptEnabled: true, networkConnectionEnabled: false, pageLoadStrategy: normal, platform: WINDOWS, platformName: WINDOWS, proxy: Proxy(), setWindowRect: true, strictFileInteractability: false, timeouts: {implicit: 0, pageLoad: 300000, script: 30000}, unhandledPromptBehavior: dismiss and notify, webauthn:extension:credBlob: true, webauthn:extension:largeBlob: true, webauthn:virtualAuthenticators: true}&#10;Session ID: cf4f523538a42c6b74424581a568b283" type="org.openqa.selenium.ElementClickInterceptedException"><![CDATA[org.openqa.selenium.ElementClickInterceptedException: 
element click intercepted: Element <input data-cy="fromCity" id="fromCity" type="text" class="fsw_inputField lineHeight36 latoBlack font30" readonly="" value="Delhi"> is not clickable at point (170, 258). Other element would receive the click: <div data-cy="outsideModal" class="loginModal displayBlock modalLogin dynHeight personal "></div>
  (Session info: chrome=92.0.4515.159)
Build info: version: '3.141.59', revision: 'e82be7d358', time: '2018-11-14T08:17:03'
System info: host: 'DESKTOP-TSLHRBF', ip: '192.168.39.37', os.name: 'Windows 10', os.arch: 'x86', os.version: '10.0', java.version: '1.8.0_261'
Driver info: org.openqa.selenium.chrome.ChromeDriver
Capabilities {acceptInsecureCerts: false, browserName: chrome, browserVersion: 92.0.4515.159, chrome: {chromedriverVersion: 92.0.4515.43 (8c61b7e2989f2..., userDataDir: C:\Users\Vikram\AppData\Loc...}, goog:chromeOptions: {debuggerAddress: localhost:52269}, javascriptEnabled: true, networkConnectionEnabled: false, pageLoadStrategy: normal, platform: WINDOWS, platformName: WINDOWS, proxy: Proxy(), setWindowRect: true, strictFileInteractability: false, timeouts: {implicit: 0, pageLoad: 300000, script: 30000}, unhandledPromptBehavior: dismiss and notify, webauthn:extension:credBlob: true, webauthn:extension:largeBlob: true, webauthn:virtualAuthenticators: true}
Session ID: cf4f523538a42c6b74424581a568b283
	at academy.HomePage.selectingFromAndTo(HomePage.java:40)
]]></failure>
    <system-out><![CDATA[chrome
]]></system-out>
    <system-err><![CDATA[Starting ChromeDriver 92.0.4515.43 (8c61b7e2989f2990d42f859cac71319137787cce-refs/branch-heads/4515@{#306}) on port 26921
Only local connections are allowed.
Please see https://chromedriver.chromium.org/security-considerations for suggestions on keeping ChromeDriver safe.
ChromeDriver was started successfully.
Aug 27, 2021 4:54:59 PM org.openqa.selenium.remote.ProtocolHandshake createSession
INFO: Detected dialect: W3C
]]></system-err>
  </testcase>
  <testcase name="selectingFromAndTo[del, new, Destination #2](2)" classname="academy.HomePage" time="10.108">
    <failure message="element click intercepted: Element &lt;input data-cy=&quot;fromCity&quot; id=&quot;fromCity&quot; type=&quot;text&quot; class=&quot;fsw_inputField lineHeight36 latoBlack font30&quot; readonly=&quot;&quot; value=&quot;Delhi&quot;&gt; is not clickable at point (170, 258). Other element would receive the click: &lt;div data-cy=&quot;outsideModal&quot; class=&quot;loginModal displayBlock modalLogin dynHeight personal &quot;&gt;&lt;/div&gt;&#10;  (Session info: chrome=92.0.4515.159)&#10;Build info: version: &apos;3.141.59&apos;, revision: &apos;e82be7d358&apos;, time: &apos;2018-11-14T08:17:03&apos;&#10;System info: host: &apos;DESKTOP-TSLHRBF&apos;, ip: &apos;192.168.39.37&apos;, os.name: &apos;Windows 10&apos;, os.arch: &apos;x86&apos;, os.version: &apos;10.0&apos;, java.version: &apos;1.8.0_261&apos;&#10;Driver info: org.openqa.selenium.chrome.ChromeDriver&#10;Capabilities {acceptInsecureCerts: false, browserName: chrome, browserVersion: 92.0.4515.159, chrome: {chromedriverVersion: 92.0.4515.43 (8c61b7e2989f2..., userDataDir: C:\Users\Vikram\AppData\Loc...}, goog:chromeOptions: {debuggerAddress: localhost:52269}, javascriptEnabled: true, networkConnectionEnabled: false, pageLoadStrategy: normal, platform: WINDOWS, platformName: WINDOWS, proxy: Proxy(), setWindowRect: true, strictFileInteractability: false, timeouts: {implicit: 0, pageLoad: 300000, script: 30000}, unhandledPromptBehavior: dismiss and notify, webauthn:extension:credBlob: true, webauthn:extension:largeBlob: true, webauthn:virtualAuthenticators: true}&#10;Session ID: cf4f523538a42c6b74424581a568b283" type="org.openqa.selenium.ElementClickInterceptedException"><![CDATA[org.openqa.selenium.ElementClickInterceptedException: 
element click intercepted: Element <input data-cy="fromCity" id="fromCity" type="text" class="fsw_inputField lineHeight36 latoBlack font30" readonly="" value="Delhi"> is not clickable at point (170, 258). Other element would receive the click: <div data-cy="outsideModal" class="loginModal displayBlock modalLogin dynHeight personal "></div>
  (Session info: chrome=92.0.4515.159)
Build info: version: '3.141.59', revision: 'e82be7d358', time: '2018-11-14T08:17:03'
System info: host: 'DESKTOP-TSLHRBF', ip: '192.168.39.37', os.name: 'Windows 10', os.arch: 'x86', os.version: '10.0', java.version: '1.8.0_261'
Driver info: org.openqa.selenium.chrome.ChromeDriver
Capabilities {acceptInsecureCerts: false, browserName: chrome, browserVersion: 92.0.4515.159, chrome: {chromedriverVersion: 92.0.4515.43 (8c61b7e2989f2..., userDataDir: C:\Users\Vikram\AppData\Loc...}, goog:chromeOptions: {debuggerAddress: localhost:52269}, javascriptEnabled: true, networkConnectionEnabled: false, pageLoadStrategy: normal, platform: WINDOWS, platformName: WINDOWS, proxy: Proxy(), setWindowRect: true, strictFileInteractability: false, timeouts: {implicit: 0, pageLoad: 300000, script: 30000}, unhandledPromptBehavior: dismiss and notify, webauthn:extension:credBlob: true, webauthn:extension:largeBlob: true, webauthn:virtualAuthenticators: true}
Session ID: cf4f523538a42c6b74424581a568b283
	at academy.HomePage.selectingFromAndTo(HomePage.java:40)
]]></failure>
  </testcase>
  <testcase name="validatingHeaderLinks" classname="academy.ValidatingHeaderLinks" time="2.734">
    <failure type="java.lang.AssertionError"><![CDATA[java.lang.AssertionError
	at academy.ValidatingHeaderLinks.validatingHeaderLinks(ValidatingHeaderLinks.java:39)
]]></failure>
    <system-out><![CDATA[chrome
]]></system-out>
    <system-err><![CDATA[Starting ChromeDriver 92.0.4515.43 (8c61b7e2989f2990d42f859cac71319137787cce-refs/branch-heads/4515@{#306}) on port 34038
Only local connections are allowed.
Please see https://chromedriver.chromium.org/security-considerations for suggestions on keeping ChromeDriver safe.
ChromeDriver was started successfully.
Aug 27, 2021 4:56:02 PM org.openqa.selenium.remote.ProtocolHandshake createSession
INFO: Detected dialect: W3C
]]></system-err>
  </testcase>
  <testcase name="validatingFooterSection" classname="academy.ValidatingFooterSection" time="0.2">
    <system-out><![CDATA[chrome
[[ChromeDriver: chrome on WINDOWS (7ba6ab179a5f0b2232d93ec7f42a2fb9)] -> css selector: .latoBlack.darkGreyText.font10.capText]
[[ChromeDriver: chrome on WINDOWS (7ba6ab179a5f0b2232d93ec7f42a2fb9)] -> css selector: .latoBlack.darkGreyText.font10.capText]
[[ChromeDriver: chrome on WINDOWS (7ba6ab179a5f0b2232d93ec7f42a2fb9)] -> css selector: .latoBlack.darkGreyText.font10.capText]
[[ChromeDriver: chrome on WINDOWS (7ba6ab179a5f0b2232d93ec7f42a2fb9)] -> css selector: .latoBlack.darkGreyText.font10.capText]
[[ChromeDriver: chrome on WINDOWS (7ba6ab179a5f0b2232d93ec7f42a2fb9)] -> css selector: .latoBlack.darkGreyText.font10.capText]
Total No.of Footer section Links: 103
[[ChromeDriver: chrome on WINDOWS (7ba6ab179a5f0b2232d93ec7f42a2fb9)] -> css selector: .appendBottom5 a]
[[ChromeDriver: chrome on WINDOWS (7ba6ab179a5f0b2232d93ec7f42a2fb9)] -> css selector: .appendBottom5 a]
[[ChromeDriver: chrome on WINDOWS (7ba6ab179a5f0b2232d93ec7f42a2fb9)] -> css selector: .appendBottom5 a]
[[ChromeDriver: chrome on WINDOWS (7ba6ab179a5f0b2232d93ec7f42a2fb9)] -> css selector: .appendBottom5 a]
[[ChromeDriver: chrome on WINDOWS (7ba6ab179a5f0b2232d93ec7f42a2fb9)] -> css selector: .appendBottom5 a]
[[ChromeDriver: chrome on WINDOWS (7ba6ab179a5f0b2232d93ec7f42a2fb9)] -> css selector: .appendBottom5 a]
[[ChromeDriver: chrome on WINDOWS (7ba6ab179a5f0b2232d93ec7f42a2fb9)] -> css selector: .appendBottom5 a]
[[ChromeDriver: chrome on WINDOWS (7ba6ab179a5f0b2232d93ec7f42a2fb9)] -> css selector: .appendBottom5 a]
[[ChromeDriver: chrome on WINDOWS (7ba6ab179a5f0b2232d93ec7f42a2fb9)] -> css selector: .appendBottom5 a]
[[ChromeDriver: chrome on WINDOWS (7ba6ab179a5f0b2232d93ec7f42a2fb9)] -> css selector: .appendBottom5 a]
[[ChromeDriver: chrome on WINDOWS (7ba6ab179a5f0b2232d93ec7f42a2fb9)] -> css selector: .appendBottom5 a]
[[ChromeDriver: chrome on WINDOWS (7ba6ab179a5f0b2232d93ec7f42a2fb9)] -> css selector: .appendBottom5 a]
[[ChromeDriver: chrome on WINDOWS (7ba6ab179a5f0b2232d93ec7f42a2fb9)] -> css selector: .appendBottom5 a]
[[ChromeDriver: chrome on WINDOWS (7ba6ab179a5f0b2232d93ec7f42a2fb9)] -> css selector: .appendBottom5 a]
[[ChromeDriver: chrome on WINDOWS (7ba6ab179a5f0b2232d93ec7f42a2fb9)] -> css selector: .appendBottom5 a]
[[ChromeDriver: chrome on WINDOWS (7ba6ab179a5f0b2232d93ec7f42a2fb9)] -> css selector: .appendBottom5 a]
[[ChromeDriver: chrome on WINDOWS (7ba6ab179a5f0b2232d93ec7f42a2fb9)] -> css selector: .appendBottom5 a]
[[ChromeDriver: chrome on WINDOWS (7ba6ab179a5f0b2232d93ec7f42a2fb9)] -> css selector: .appendBottom5 a]
[[ChromeDriver: chrome on WINDOWS (7ba6ab179a5f0b2232d93ec7f42a2fb9)] -> css selector: .appendBottom5 a]
[[ChromeDriver: chrome on WINDOWS (7ba6ab179a5f0b2232d93ec7f42a2fb9)] -> css selector: .appendBottom5 a]
[[ChromeDriver: chrome on WINDOWS (7ba6ab179a5f0b2232d93ec7f42a2fb9)] -> css selector: .appendBottom5 a]
[[ChromeDriver: chrome on WINDOWS (7ba6ab179a5f0b2232d93ec7f42a2fb9)] -> css selector: .appendBottom5 a]
[[ChromeDriver: chrome on WINDOWS (7ba6ab179a5f0b2232d93ec7f42a2fb9)] -> css selector: .appendBottom5 a]
[[ChromeDriver: chrome on WINDOWS (7ba6ab179a5f0b2232d93ec7f42a2fb9)] -> css selector: .appendBottom5 a]
[[ChromeDriver: chrome on WINDOWS (7ba6ab179a5f0b2232d93ec7f42a2fb9)] -> css selector: .appendBottom5 a]
[[ChromeDriver: chrome on WINDOWS (7ba6ab179a5f0b2232d93ec7f42a2fb9)] -> css selector: .appendBottom5 a]
[[ChromeDriver: chrome on WINDOWS (7ba6ab179a5f0b2232d93ec7f42a2fb9)] -> css selector: .appendBottom5 a]
[[ChromeDriver: chrome on WINDOWS (7ba6ab179a5f0b2232d93ec7f42a2fb9)] -> css selector: .appendBottom5 a]
[[ChromeDriver: chrome on WINDOWS (7ba6ab179a5f0b2232d93ec7f42a2fb9)] -> css selector: .appendBottom5 a]
[[ChromeDriver: chrome on WINDOWS (7ba6ab179a5f0b2232d93ec7f42a2fb9)] -> css selector: .appendBottom5 a]
[[ChromeDriver: chrome on WINDOWS (7ba6ab179a5f0b2232d93ec7f42a2fb9)] -> css selector: .appendBottom5 a]
[[ChromeDriver: chrome on WINDOWS (7ba6ab179a5f0b2232d93ec7f42a2fb9)] -> css selector: .appendBottom5 a]
[[ChromeDriver: chrome on WINDOWS (7ba6ab179a5f0b2232d93ec7f42a2fb9)] -> css selector: .appendBottom5 a]
[[ChromeDriver: chrome on WINDOWS (7ba6ab179a5f0b2232d93ec7f42a2fb9)] -> css selector: .appendBottom5 a]
[[ChromeDriver: chrome on WINDOWS (7ba6ab179a5f0b2232d93ec7f42a2fb9)] -> css selector: .appendBottom5 a]
[[ChromeDriver: chrome on WINDOWS (7ba6ab179a5f0b2232d93ec7f42a2fb9)] -> css selector: .appendBottom5 a]
[[ChromeDriver: chrome on WINDOWS (7ba6ab179a5f0b2232d93ec7f42a2fb9)] -> css selector: .appendBottom5 a]
[[ChromeDriver: chrome on WINDOWS (7ba6ab179a5f0b2232d93ec7f42a2fb9)] -> css selector: .appendBottom5 a]
[[ChromeDriver: chrome on WINDOWS (7ba6ab179a5f0b2232d93ec7f42a2fb9)] -> css selector: .appendBottom5 a]
[[ChromeDriver: chrome on WINDOWS (7ba6ab179a5f0b2232d93ec7f42a2fb9)] -> css selector: .appendBottom5 a]
[[ChromeDriver: chrome on WINDOWS (7ba6ab179a5f0b2232d93ec7f42a2fb9)] -> css selector: .appendBottom5 a]
[[ChromeDriver: chrome on WINDOWS (7ba6ab179a5f0b2232d93ec7f42a2fb9)] -> css selector: .appendBottom5 a]
[[ChromeDriver: chrome on WINDOWS (7ba6ab179a5f0b2232d93ec7f42a2fb9)] -> css selector: .appendBottom5 a]
[[ChromeDriver: chrome on WINDOWS (7ba6ab179a5f0b2232d93ec7f42a2fb9)] -> css selector: .appendBottom5 a]
[[ChromeDriver: chrome on WINDOWS (7ba6ab179a5f0b2232d93ec7f42a2fb9)] -> css selector: .appendBottom5 a]
[[ChromeDriver: chrome on WINDOWS (7ba6ab179a5f0b2232d93ec7f42a2fb9)] -> css selector: .appendBottom5 a]
[[ChromeDriver: chrome on WINDOWS (7ba6ab179a5f0b2232d93ec7f42a2fb9)] -> css selector: .appendBottom5 a]
[[ChromeDriver: chrome on WINDOWS (7ba6ab179a5f0b2232d93ec7f42a2fb9)] -> css selector: .appendBottom5 a]
[[ChromeDriver: chrome on WINDOWS (7ba6ab179a5f0b2232d93ec7f42a2fb9)] -> css selector: .appendBottom5 a]
[[ChromeDriver: chrome on WINDOWS (7ba6ab179a5f0b2232d93ec7f42a2fb9)] -> css selector: .appendBottom5 a]
[[ChromeDriver: chrome on WINDOWS (7ba6ab179a5f0b2232d93ec7f42a2fb9)] -> css selector: .appendBottom5 a]
[[ChromeDriver: chrome on WINDOWS (7ba6ab179a5f0b2232d93ec7f42a2fb9)] -> css selector: .appendBottom5 a]
[[ChromeDriver: chrome on WINDOWS (7ba6ab179a5f0b2232d93ec7f42a2fb9)] -> css selector: .appendBottom5 a]
[[ChromeDriver: chrome on WINDOWS (7ba6ab179a5f0b2232d93ec7f42a2fb9)] -> css selector: .appendBottom5 a]
[[ChromeDriver: chrome on WINDOWS (7ba6ab179a5f0b2232d93ec7f42a2fb9)] -> css selector: .appendBottom5 a]
[[ChromeDriver: chrome on WINDOWS (7ba6ab179a5f0b2232d93ec7f42a2fb9)] -> css selector: .appendBottom5 a]
[[ChromeDriver: chrome on WINDOWS (7ba6ab179a5f0b2232d93ec7f42a2fb9)] -> css selector: .appendBottom5 a]
[[ChromeDriver: chrome on WINDOWS (7ba6ab179a5f0b2232d93ec7f42a2fb9)] -> css selector: .appendBottom5 a]
[[ChromeDriver: chrome on WINDOWS (7ba6ab179a5f0b2232d93ec7f42a2fb9)] -> css selector: .appendBottom5 a]
[[ChromeDriver: chrome on WINDOWS (7ba6ab179a5f0b2232d93ec7f42a2fb9)] -> css selector: .appendBottom5 a]
[[ChromeDriver: chrome on WINDOWS (7ba6ab179a5f0b2232d93ec7f42a2fb9)] -> css selector: .appendBottom5 a]
[[ChromeDriver: chrome on WINDOWS (7ba6ab179a5f0b2232d93ec7f42a2fb9)] -> css selector: .appendBottom5 a]
[[ChromeDriver: chrome on WINDOWS (7ba6ab179a5f0b2232d93ec7f42a2fb9)] -> css selector: .appendBottom5 a]
[[ChromeDriver: chrome on WINDOWS (7ba6ab179a5f0b2232d93ec7f42a2fb9)] -> css selector: .appendBottom5 a]
[[ChromeDriver: chrome on WINDOWS (7ba6ab179a5f0b2232d93ec7f42a2fb9)] -> css selector: .appendBottom5 a]
[[ChromeDriver: chrome on WINDOWS (7ba6ab179a5f0b2232d93ec7f42a2fb9)] -> css selector: .appendBottom5 a]
[[ChromeDriver: chrome on WINDOWS (7ba6ab179a5f0b2232d93ec7f42a2fb9)] -> css selector: .appendBottom5 a]
[[ChromeDriver: chrome on WINDOWS (7ba6ab179a5f0b2232d93ec7f42a2fb9)] -> css selector: .appendBottom5 a]
[[ChromeDriver: chrome on WINDOWS (7ba6ab179a5f0b2232d93ec7f42a2fb9)] -> css selector: .appendBottom5 a]
[[ChromeDriver: chrome on WINDOWS (7ba6ab179a5f0b2232d93ec7f42a2fb9)] -> css selector: .appendBottom5 a]
[[ChromeDriver: chrome on WINDOWS (7ba6ab179a5f0b2232d93ec7f42a2fb9)] -> css selector: .appendBottom5 a]
[[ChromeDriver: chrome on WINDOWS (7ba6ab179a5f0b2232d93ec7f42a2fb9)] -> css selector: .appendBottom5 a]
[[ChromeDriver: chrome on WINDOWS (7ba6ab179a5f0b2232d93ec7f42a2fb9)] -> css selector: .appendBottom5 a]
[[ChromeDriver: chrome on WINDOWS (7ba6ab179a5f0b2232d93ec7f42a2fb9)] -> css selector: .appendBottom5 a]
[[ChromeDriver: chrome on WINDOWS (7ba6ab179a5f0b2232d93ec7f42a2fb9)] -> css selector: .appendBottom5 a]
[[ChromeDriver: chrome on WINDOWS (7ba6ab179a5f0b2232d93ec7f42a2fb9)] -> css selector: .appendBottom5 a]
[[ChromeDriver: chrome on WINDOWS (7ba6ab179a5f0b2232d93ec7f42a2fb9)] -> css selector: .appendBottom5 a]
[[ChromeDriver: chrome on WINDOWS (7ba6ab179a5f0b2232d93ec7f42a2fb9)] -> css selector: .appendBottom5 a]
[[ChromeDriver: chrome on WINDOWS (7ba6ab179a5f0b2232d93ec7f42a2fb9)] -> css selector: .appendBottom5 a]
[[ChromeDriver: chrome on WINDOWS (7ba6ab179a5f0b2232d93ec7f42a2fb9)] -> css selector: .appendBottom5 a]
[[ChromeDriver: chrome on WINDOWS (7ba6ab179a5f0b2232d93ec7f42a2fb9)] -> css selector: .appendBottom5 a]
[[ChromeDriver: chrome on WINDOWS (7ba6ab179a5f0b2232d93ec7f42a2fb9)] -> css selector: .appendBottom5 a]
[[ChromeDriver: chrome on WINDOWS (7ba6ab179a5f0b2232d93ec7f42a2fb9)] -> css selector: .appendBottom5 a]
[[ChromeDriver: chrome on WINDOWS (7ba6ab179a5f0b2232d93ec7f42a2fb9)] -> css selector: .appendBottom5 a]
[[ChromeDriver: chrome on WINDOWS (7ba6ab179a5f0b2232d93ec7f42a2fb9)] -> css selector: .appendBottom5 a]
[[ChromeDriver: chrome on WINDOWS (7ba6ab179a5f0b2232d93ec7f42a2fb9)] -> css selector: .appendBottom5 a]
[[ChromeDriver: chrome on WINDOWS (7ba6ab179a5f0b2232d93ec7f42a2fb9)] -> css selector: .appendBottom5 a]
[[ChromeDriver: chrome on WINDOWS (7ba6ab179a5f0b2232d93ec7f42a2fb9)] -> css selector: .appendBottom5 a]
[[ChromeDriver: chrome on WINDOWS (7ba6ab179a5f0b2232d93ec7f42a2fb9)] -> css selector: .appendBottom5 a]
[[ChromeDriver: chrome on WINDOWS (7ba6ab179a5f0b2232d93ec7f42a2fb9)] -> css selector: .appendBottom5 a]
[[ChromeDriver: chrome on WINDOWS (7ba6ab179a5f0b2232d93ec7f42a2fb9)] -> css selector: .appendBottom5 a]
[[ChromeDriver: chrome on WINDOWS (7ba6ab179a5f0b2232d93ec7f42a2fb9)] -> css selector: .appendBottom5 a]
[[ChromeDriver: chrome on WINDOWS (7ba6ab179a5f0b2232d93ec7f42a2fb9)] -> css selector: .appendBottom5 a]
[[ChromeDriver: chrome on WINDOWS (7ba6ab179a5f0b2232d93ec7f42a2fb9)] -> css selector: .appendBottom5 a]
[[ChromeDriver: chrome on WINDOWS (7ba6ab179a5f0b2232d93ec7f42a2fb9)] -> css selector: .appendBottom5 a]
[[ChromeDriver: chrome on WINDOWS (7ba6ab179a5f0b2232d93ec7f42a2fb9)] -> css selector: .appendBottom5 a]
[[ChromeDriver: chrome on WINDOWS (7ba6ab179a5f0b2232d93ec7f42a2fb9)] -> css selector: .appendBottom5 a]
[[ChromeDriver: chrome on WINDOWS (7ba6ab179a5f0b2232d93ec7f42a2fb9)] -> css selector: .appendBottom5 a]
[[ChromeDriver: chrome on WINDOWS (7ba6ab179a5f0b2232d93ec7f42a2fb9)] -> css selector: .appendBottom5 a]
[[ChromeDriver: chrome on WINDOWS (7ba6ab179a5f0b2232d93ec7f42a2fb9)] -> css selector: .appendBottom5 a]
[[ChromeDriver: chrome on WINDOWS (7ba6ab179a5f0b2232d93ec7f42a2fb9)] -> css selector: .appendBottom5 a]
[[ChromeDriver: chrome on WINDOWS (7ba6ab179a5f0b2232d93ec7f42a2fb9)] -> css selector: .appendBottom5 a]
[[ChromeDriver: chrome on WINDOWS (7ba6ab179a5f0b2232d93ec7f42a2fb9)] -> css selector: .appendBottom5 a]
]]></system-out>
    <system-err><![CDATA[Starting ChromeDriver 92.0.4515.43 (8c61b7e2989f2990d42f859cac71319137787cce-refs/branch-heads/4515@{#306}) on port 5744
Only local connections are allowed.
Please see https://chromedriver.chromium.org/security-considerations for suggestions on keeping ChromeDriver safe.
ChromeDriver was started successfully.
Aug 27, 2021 4:56:39 PM org.openqa.selenium.remote.ProtocolHandshake createSession
INFO: Detected dialect: W3C
]]></system-err>
  </testcase>
  <testcase name="validateAppTitle" classname="academy.ValidateTitle" time="0.272">
    <failure message="expected [make my tri] but found []" type="java.lang.AssertionError"><![CDATA[java.lang.AssertionError: expected [make my tri] but found []
	at academy.ValidateTitle.validateAppTitle(ValidateTitle.java:39)
]]></failure>
    <system-out><![CDATA[chrome
]]></system-out>
    <system-err><![CDATA[Starting ChromeDriver 92.0.4515.43 (8c61b7e2989f2990d42f859cac71319137787cce-refs/branch-heads/4515@{#306}) on port 2675
Only local connections are allowed.
Please see https://chromedriver.chromium.org/security-considerations for suggestions on keeping ChromeDriver safe.
ChromeDriver was started successfully.
Aug 27, 2021 4:57:09 PM org.openqa.selenium.remote.ProtocolHandshake createSession
INFO: Detected dialect: W3C
]]></system-err>
  </testcase>
</testsuite>