<?xml version="1.0" encoding="UTF-8"?>
<!-- Generated by org.testng.reporters.JUnitXMLReporter -->
<testsuite hostname="DESKTOP-TSLHRBF" ignored="0" name="Validating Header Links" tests="1" failures="1" timestamp="2021-08-27T16:56:34 IST" time="37.707" errors="0">
  <testcase name="validatingHeaderLinks" time="2.754" classname="academy.ValidatingHeaderLinks">
    <failure type="java.lang.AssertionError">
      <![CDATA[java.lang.AssertionError
at org.junit.Assert.fail(Assert.java:87)
at org.junit.Assert.assertTrue(Assert.java:42)
at org.junit.Assert.assertTrue(Assert.java:53)
at academy.ValidatingHeaderLinks.validatingHeaderLinks(ValidatingHeaderLinks.java:39)
at java.util.ArrayList.forEach(ArrayList.java:1259)
... Removed 31 stack frames]]>
    </failure>
  </testcase> <!-- validatingHeaderLinks -->
</testsuite> <!-- Validating Header Links -->
